TN:
SF:src\hooks\queries\useAuthMutations.ts
FN:4,(anonymous_0)
FN:6,(anonymous_1)
FN:10,(anonymous_2)
FN:12,(anonymous_3)
FN:16,(anonymous_4)
FN:18,(anonymous_5)
FNF:6
FNH:0
FNDA:0,(anonymous_0)
FNDA:0,(anonymous_1)
FNDA:0,(anonymous_2)
FNDA:0,(anonymous_3)
FNDA:0,(anonymous_4)
FNDA:0,(anonymous_5)
DA:4,0
DA:7,0
DA:10,0
DA:13,0
DA:16,0
DA:19,0
LF:6
LH:0
BRF:0
BRH:0
end_of_record
TN:
SF:src\hooks\queries\useCorrections.ts
FN:5,(anonymous_0)
FN:7,(anonymous_1)
FNF:2
FNH:0
FNDA:0,(anonymous_0)
FNDA:0,(anonymous_1)
DA:5,0
DA:7,0
LF:2
LH:0
BRF:0
BRH:0
end_of_record
TN:
SF:src\hooks\queries\useLives.ts
FN:7,(anonymous_0)
FN:18,(anonymous_1)
FN:21,(anonymous_2)
FN:26,(anonymous_3)
FN:29,(anonymous_4)
FN:33,(anonymous_5)
FN:40,(anonymous_6)
FN:43,(anonymous_7)
FNF:8
FNH:8
FNDA:3,(anonymous_0)
FNDA:3,(anonymous_1)
FNDA:8,(anonymous_2)
FNDA:3,(anonymous_3)
FNDA:7,(anonymous_4)
FNDA:3,(anonymous_5)
FNDA:5,(anonymous_6)
FNDA:2,(anonymous_7)
DA:7,1
DA:8,3
DA:9,3
DA:10,3
DA:11,3
DA:12,3
DA:13,3
DA:14,3
DA:15,3
DA:18,1
DA:19,3
DA:20,3
DA:22,8
DA:23,8
DA:24,8
DA:26,3
DA:29,1
DA:30,7
DA:31,7
DA:33,3
DA:40,5
DA:43,2
LF:22
LH:22
BRDA:7,0,0,3
BRDA:9,1,0,0
BRDA:9,1,1,3
BRDA:10,2,0,0
BRDA:10,2,1,3
BRDA:11,3,0,0
BRDA:11,3,1,3
BRDA:12,4,0,0
BRDA:12,4,1,3
BRDA:13,5,0,1
BRDA:13,5,1,2
BRDA:15,6,0,1
BRDA:15,6,1,2
BRDA:19,7,0,0
BRDA:19,7,1,3
BRDA:22,8,0,0
BRDA:22,8,1,8
BRDA:24,9,0,8
BRDA:24,9,1,6
BRDA:29,10,0,7
BRF:20
BRH:14
end_of_record
TN:
SF:src\hooks\queries\usePredictions.ts
FN:7,(anonymous_0)
FN:10,(anonymous_1)
FN:14,(anonymous_2)
FN:23,(anonymous_3)
FN:29,(anonymous_4)
FN:31,(anonymous_5)
FN:33,(anonymous_6)
FN:38,(anonymous_7)
FN:40,(anonymous_8)
FN:41,(anonymous_9)
FNF:10
FNH:10
FNDA:2,(anonymous_0)
FNDA:1,(anonymous_1)
FNDA:7,(anonymous_2)
FNDA:3,(anonymous_3)
FNDA:2,(anonymous_4)
FNDA:1,(anonymous_5)
FNDA:1,(anonymous_6)
FNDA:4,(anonymous_7)
FNDA:2,(anonymous_8)
FNDA:1,(anonymous_9)
DA:7,2
DA:10,1
DA:14,1
DA:15,7
DA:16,7
DA:17,7
DA:18,7
DA:19,7
DA:21,7
DA:23,3
DA:29,2
DA:32,1
DA:34,1
DA:38,4
DA:40,2
DA:42,1
LF:16
LH:16
BRDA:14,0,0,7
BRDA:17,1,0,2
BRDA:17,1,1,5
BRDA:18,2,0,0
BRDA:18,2,1,7
BRDA:19,3,0,2
BRDA:19,3,1,5
BRF:7
BRH:6
end_of_record
TN:
SF:src\hooks\queries\useSongs.ts
FN:7,(anonymous_0)
FN:10,(anonymous_1)
FN:14,(anonymous_2)
FN:17,(anonymous_3)
FN:22,(anonymous_4)
FN:26,(anonymous_5)
FN:32,(anonymous_6)
FN:35,(anonymous_7)
FNF:8
FNH:8
FNDA:2,(anonymous_0)
FNDA:1,(anonymous_1)
FNDA:3,(anonymous_2)
FNDA:1,(anonymous_3)
FNDA:5,(anonymous_4)
FNDA:2,(anonymous_5)
FNDA:4,(anonymous_6)
FNDA:1,(anonymous_7)
DA:7,2
DA:10,1
DA:14,3
DA:17,1
DA:22,1
DA:23,5
DA:24,5
DA:26,2
DA:32,4
DA:35,1
LF:10
LH:10
BRDA:23,0,0,4
BRDA:23,0,1,1
BRDA:32,1,0,4
BRDA:37,2,0,4
BRDA:37,2,1,3
BRF:5
BRH:5
end_of_record
TN:
SF:src\hooks\queries\useUser.ts
FN:6,(anonymous_0)
FN:9,(anonymous_1)
FNF:2
FNH:2
FNDA:5,(anonymous_0)
FNDA:2,(anonymous_1)
DA:6,5
DA:9,2
LF:2
LH:2
BRDA:6,0,0,5
BRF:1
BRH:1
end_of_record
TN:
SF:src\lib\apiClient.ts
FN:9,(anonymous_0)
FN:16,(anonymous_1)
FN:41,(anonymous_2)
FN:43,(anonymous_3)
FN:45,(anonymous_4)
FN:47,(anonymous_5)
FN:49,(anonymous_6)
FNF:7
FNH:7
FNDA:10,(anonymous_0)
FNDA:31,(anonymous_1)
FNDA:23,(anonymous_2)
FNDA:5,(anonymous_3)
FNDA:1,(anonymous_4)
FNDA:1,(anonymous_5)
FNDA:1,(anonymous_6)
DA:10,10
DA:11,10
DA:12,10
DA:16,5
DA:17,31
DA:18,31
DA:24,31
DA:26,31
DA:27,7
DA:28,7
DA:29,7
DA:31,1
DA:33,7
DA:36,24
DA:37,22
DA:40,5
DA:42,23
DA:44,5
DA:46,1
DA:48,1
DA:50,1
LF:21
LH:21
BRDA:10,0,0,10
BRDA:10,0,1,1
BRDA:16,1,0,31
BRDA:20,2,0,1
BRDA:20,2,1,30
BRDA:26,3,0,7
BRDA:26,3,1,24
BRDA:36,4,0,2
BRDA:36,4,1,22
BRF:9
BRH:9
end_of_record
TN:
SF:src\lib\queryClient.ts
FNF:0
FNH:0
DA:3,4
DA:11,4
LF:2
LH:2
BRF:0
BRH:0
end_of_record
TN:
SF:src\lib\queryKeys.ts
FN:4,(anonymous_0)
FN:5,(anonymous_1)
FN:9,(anonymous_2)
FN:12,(anonymous_3)
FN:13,(anonymous_4)
FN:14,(anonymous_5)
FNF:6
FNH:4
FNDA:7,(anonymous_0)
FNDA:5,(anonymous_1)
FNDA:8,(anonymous_2)
FNDA:7,(anonymous_3)
FNDA:0,(anonymous_4)
FNDA:0,(anonymous_5)
DA:1,3
DA:4,7
DA:5,5
DA:9,8
DA:12,7
DA:13,0
DA:14,0
LF:7
LH:5
BRF:0
BRH:0
end_of_record
